Using pre-set license
Built from '2020.3/staging' branch; Version is '2020.3.0f1 (c7b5465681fb) revision 13088070'; Using compiler version '192528614'; Build Type 'Release'
OS: 'Windows 10 Pro; OS build 19044.1526; Version 2009; 64bit' Language: 'es' Physical Memory: 16302 MB
BatchMode: 1, IsHumanControllingUs: 0, StartBugReporterOnCrash: 0, Is64bit: 1, IsPro: 0

 COMMAND LINE ARGUMENTS:
C:\Program Files\Unity\Hub\Editor\2020.3.0f1\Editor\Unity.exe
-adb2
-batchMode
-noUpm
-name
AssetImportWorker0
-projectPath
C:/Users/Angelo/Documents/SAE/3Tesis/FrameworkVR/FrameworkVR
-logFile
Logs/AssetImportWorker0.log
-srvPort
56426
Successfully changed project path to: C:/Users/Angelo/Documents/SAE/3Tesis/FrameworkVR/FrameworkVR
C:/Users/Angelo/Documents/SAE/3Tesis/FrameworkVR/FrameworkVR
Using Asset Import Pipeline V2.
Refreshing native plugins compatible for Editor in 52.39 ms, found 9 plugins.
Preloading 1 native plugins for Editor in 0.78 ms.
Initialize engine version: 2020.3.0f1 (c7b5465681fb)
[Subsystems] Discovering subsystems at path C:/Program Files/Unity/Hub/Editor/2020.3.0f1/Editor/Data/Resources/UnitySubsystems
[Subsystems] Discovering subsystems at path C:/Users/Angelo/Documents/SAE/3Tesis/FrameworkVR/FrameworkVR/Assets
GfxDevice: creating device client; threaded=0
Direct3D:
    Version:  Direct3D 11.0 [level 11.1]
    Renderer: NVIDIA GeForce RTX 2060 (ID=0x1f08)
    Vendor:   
    VRAM:     5980 MB
    Driver:   27.21.14.6089
Initialize mono
Mono path[0] = 'C:/Program Files/Unity/Hub/Editor/2020.3.0f1/Editor/Data/Managed'
Mono path[1] = 'C:/Program Files/Unity/Hub/Editor/2020.3.0f1/Editor/Data/MonoBleedingEdge/lib/mono/unityjit'
Mono config path = 'C:/Program Files/Unity/Hub/Editor/2020.3.0f1/Editor/Data/MonoBleedingEdge/etc'
Using monoOptions --debugger-agent=transport=dt_socket,embedding=1,server=y,suspend=n,address=127.0.0.1:56168
Begin MonoManager ReloadAssembly
Registering precompiled unity dll's ...
Register platform support module: C:/Program Files/Unity/Hub/Editor/2020.3.0f1/Editor/Data/PlaybackEngines/WebGLSupport/UnityEditor.WebGL.Extensions.dll
Register platform support module: C:/Program Files/Unity/Hub/Editor/2020.3.0f1/Editor/Data/PlaybackEngines/WindowsStandaloneSupport/UnityEditor.WindowsStandalone.Extensions.dll
Registered in 0.002069 seconds.
Native extension for WindowsStandalone target not found
Native extension for WebGL target not found
Refreshing native plugins compatible for Editor in 39.55 ms, found 9 plugins.
Preloading 1 native plugins for Editor in 0.08 ms.
Invoked RoslynAnalysisRunner static constructor.
RoslynAnalysisRunner will not be running.
RoslynAnalysisRunner has terminated.
Mono: successfully reloaded assembly
- Completed reload, in  1.802 seconds
Platform modules already initialized, skipping
Registering precompiled user dll's ...
Registered in 0.004577 seconds.
Begin MonoManager ReloadAssembly
Native extension for WindowsStandalone target not found
Native extension for WebGL target not found
Refreshing native plugins compatible for Editor in 42.12 ms, found 9 plugins.
Preloading 1 native plugins for Editor in 0.13 ms.
Invoked RoslynAnalysisRunner static constructor.
RoslynAnalysisRunner will not be running.
RoslynAnalysisRunner has terminated.
[XR] OculusXRPlugin: registering subsystems
[XR] Unable to register display lifecyle provider: [1]
[XR] Oculus Input lifecycle provider registered.
[XR] Unable to register input lifecyle provider: [1]
NullReferenceException: Object reference not set to an instance of an object
  at Unity.XR.Oculus.OculusLoader.AssetPathToAbsolutePath (System.String assetPath) [0x00048] in C:\Users\Angelo\Documents\SAE\3Tesis\FrameworkVR\Library\PackageCache\com.unity.xr.oculus@1.8.1\Runtime\OculusLoader.cs:243 
  at Unity.XR.Oculus.OculusLoader.EditorLoadOVRPlugin () [0x0007b] in C:\Users\Angelo\Documents\SAE\3Tesis\FrameworkVR\Library\PackageCache\com.unity.xr.oculus@1.8.1\Runtime\OculusLoader.cs:228 

(Filename: C:/Users/Angelo/Documents/SAE/3Tesis/FrameworkVR/Library/PackageCache/com.unity.xr.oculus@1.8.1/Runtime/OculusLoader.cs Line: 243)

Mono: successfully reloaded assembly
- Completed reload, in  1.189 seconds
Platform modules already initialized, skipping
========================================================================
Worker process is ready to serve import requests
Launched and connected shader compiler UnityShaderCompiler.exe after 0.04 seconds
Refreshing native plugins compatible for Editor in 0.69 ms, found 9 plugins.
Preloading 1 native plugins for Editor in 0.08 ms.
Unloading 1901 Unused Serialized files (Serialized files now loaded: 0)
System memory in use before: 159.7 MB.
System memory in use after: 159.8 MB.

Unloading 31 unused Assets to reduce memory usage. Loaded Objects now: 2358.
Total: 2.370700 ms (FindLiveObjects: 0.224800 ms CreateObjectMapping: 0.043500 ms MarkObjects: 1.968800 ms  DeleteObjects: 0.132700 ms)

========================================================================
Received Import Request.
  path: Assets/BoxInTheBox/Assets/BodyGuards/Meshes/Materials/Screen.mat
  artifactKey: Guid(d96e8d03daef94649bd028f4efd2773f) Importer(815301076,1909f56bfc062723c751e8b465ee728b)
Start importing Assets/BoxInTheBox/Assets/BodyGuards/Meshes/Materials/Screen.mat using Guid(d96e8d03daef94649bd028f4efd2773f) Importer(815301076,1909f56bfc062723c751e8b465ee728b)  -> (artifact id: '8f22adc5bdc319f4ab7780f99dbb0d87') in 0.128930 seconds
  Import took 0.132530 seconds .

========================================================================
Received Import Request.
  Time since last request: 0.000162 seconds.
  path: Assets/BoxInTheBox/Assets/BodyGuards/Meshes/Materials/Boduguard_02_D.mat
  artifactKey: Guid(6fcd9d698ea07974abf39f90181445d2) Importer(815301076,1909f56bfc062723c751e8b465ee728b)
Start importing Assets/BoxInTheBox/Assets/BodyGuards/Meshes/Materials/Boduguard_02_D.mat using Guid(6fcd9d698ea07974abf39f90181445d2) Importer(815301076,1909f56bfc062723c751e8b465ee728b)  -> (artifact id: 'b67d5f9ec9a028ea3c1cf8c395c98d46') in 0.278312 seconds
  Import took 0.746475 seconds .

========================================================================
Received Import Request.
  Time since last request: 0.000173 seconds.
  path: Assets/BoxInTheBox/Assets/BodyGuards/Meshes/screen.fbx
  artifactKey: Guid(a6e4323446051b94e961883501d13337) Importer(815301076,1909f56bfc062723c751e8b465ee728b)
Start importing Assets/BoxInTheBox/Assets/BodyGuards/Meshes/screen.fbx using Guid(a6e4323446051b94e961883501d13337) Importer(815301076,1909f56bfc062723c751e8b465ee728b)  -> (artifact id: 'edf5cc5db2178f2bc54ccd3f1bfcde12') in 0.386830 seconds
  Import took 0.390362 seconds .

========================================================================
Received Import Request.
  Time since last request: 0.000198 seconds.
  path: Assets/BoxInTheBox/Assets/BodyGuards/Meshes/SkelMesh_Bodyguard_04.fbx
  artifactKey: Guid(69e0bf832ba8212478b45616cc569f75) Importer(815301076,1909f56bfc062723c751e8b465ee728b)
Start importing Assets/BoxInTheBox/Assets/BodyGuards/Meshes/SkelMesh_Bodyguard_04.fbx using Guid(69e0bf832ba8212478b45616cc569f75) Importer(815301076,1909f56bfc062723c751e8b465ee728b)  -> (artifact id: 'c9b0651ce4d0a8369a08300b5a1330e6') in 0.097302 seconds
  Import took 0.102303 seconds .

========================================================================
Received Import Request.
  Time since last request: 0.000149 seconds.
  path: Assets/BoxInTheBox/Assets/BodyGuards/Meshes/SkelMesh_Bodyguard_03.fbx
  artifactKey: Guid(6996385895b383749b266464bf872c69) Importer(815301076,1909f56bfc062723c751e8b465ee728b)
Start importing Assets/BoxInTheBox/Assets/BodyGuards/Meshes/SkelMesh_Bodyguard_03.fbx using Guid(6996385895b383749b266464bf872c69) Importer(815301076,1909f56bfc062723c751e8b465ee728b)  -> (artifact id: '59b8f7ec23bafd5052edc6a02e3c91d5') in 0.068518 seconds
  Import took 0.072320 seconds .

========================================================================
Received Import Request.
  Time since last request: 0.000151 seconds.
  path: Assets/BoxInTheBox/Assets/BodyGuards/Meshes/SkelMesh_Bodyguard_02.fbx
  artifactKey: Guid(765e2fde8c84f094e99304c6198491ea) Importer(815301076,1909f56bfc062723c751e8b465ee728b)
Start importing Assets/BoxInTheBox/Assets/BodyGuards/Meshes/SkelMesh_Bodyguard_02.fbx using Guid(765e2fde8c84f094e99304c6198491ea) Importer(815301076,1909f56bfc062723c751e8b465ee728b)  -> (artifact id: '08bc60998d6fab39eb5c854fede57429') in 0.062343 seconds
  Import took 0.066204 seconds .

========================================================================
Received Import Request.
  Time since last request: 0.000156 seconds.
  path: Assets/BoxInTheBox/Assets/BodyGuards/Meshes/SkelMesh_Bodyguard_01.fbx
  artifactKey: Guid(bdd7a03fd93bf2d4cb6babd63ceabee8) Importer(815301076,1909f56bfc062723c751e8b465ee728b)
Start importing Assets/BoxInTheBox/Assets/BodyGuards/Meshes/SkelMesh_Bodyguard_01.fbx using Guid(bdd7a03fd93bf2d4cb6babd63ceabee8) Importer(815301076,1909f56bfc062723c751e8b465ee728b)  -> (artifact id: '7700e0ff680546a450728420bfe8c3c3') in 0.063199 seconds
  Import took 0.067581 seconds .

========================================================================
Received Import Request.
  Time since last request: 0.000157 seconds.
  path: Assets/BoxInTheBox/Assets/BodyGuards/Meshes/Materials/Boduguard_03_D.mat
  artifactKey: Guid(1c568156d9d473c42a9182ac94535a12) Importer(815301076,1909f56bfc062723c751e8b465ee728b)
Start importing Assets/BoxInTheBox/Assets/BodyGuards/Meshes/Materials/Boduguard_03_D.mat using Guid(1c568156d9d473c42a9182ac94535a12) Importer(815301076,1909f56bfc062723c751e8b465ee728b)  -> (artifact id: 'ebd6fdcb9aab1720d8bf310fc84530b0') in 0.018568 seconds
  Import took 0.022457 seconds .

========================================================================
Received Import Request.
  Time since last request: 0.000162 seconds.
  path: Assets/BoxInTheBox/Assets/BodyGuards/Meshes/Materials/Boduguard_01_D.mat
  artifactKey: Guid(27ec51287c78bfb479fe3729111634a4) Importer(815301076,1909f56bfc062723c751e8b465ee728b)
Start importing Assets/BoxInTheBox/Assets/BodyGuards/Meshes/Materials/Boduguard_01_D.mat using Guid(27ec51287c78bfb479fe3729111634a4) Importer(815301076,1909f56bfc062723c751e8b465ee728b)  -> (artifact id: '26918e354907f6830c5f058f5862afb5') in 0.018328 seconds
  Import took 0.021745 seconds .

========================================================================
Received Prepare
Registering precompiled user dll's ...
Registered in 0.004814 seconds.
Begin MonoManager ReloadAssembly
Native extension for WindowsStandalone target not found
Native extension for WebGL target not found
Refreshing native plugins compatible for Editor in 0.72 ms, found 9 plugins.
Preloading 1 native plugins for Editor in 0.09 ms.
Invoked RoslynAnalysisRunner static constructor.
RoslynAnalysisRunner will not be running.
RoslynAnalysisRunner has terminated.
NullReferenceException: Object reference not set to an instance of an object
  at Unity.XR.Oculus.OculusLoader.AssetPathToAbsolutePath (System.String assetPath) [0x00048] in C:\Users\Angelo\Documents\SAE\3Tesis\FrameworkVR\Library\PackageCache\com.unity.xr.oculus@1.8.1\Runtime\OculusLoader.cs:243 
  at Unity.XR.Oculus.OculusLoader.EditorLoadOVRPlugin () [0x0007b] in C:\Users\Angelo\Documents\SAE\3Tesis\FrameworkVR\Library\PackageCache\com.unity.xr.oculus@1.8.1\Runtime\OculusLoader.cs:228 

(Filename: C:/Users/Angelo/Documents/SAE/3Tesis/FrameworkVR/Library/PackageCache/com.unity.xr.oculus@1.8.1/Runtime/OculusLoader.cs Line: 243)

Mono: successfully reloaded assembly
- Completed reload, in  0.747 seconds
Platform modules already initialized, skipping
Refreshing native plugins compatible for Editor in 0.70 ms, found 9 plugins.
Preloading 1 native plugins for Editor in 0.08 ms.
Unloading 1871 Unused Serialized files (Serialized files now loaded: 0)
System memory in use before: 176.8 MB.
System memory in use after: 176.8 MB.

Unloading 24 unused Assets to reduce memory usage. Loaded Objects now: 2406.
Total: 2.081000 ms (FindLiveObjects: 0.243600 ms CreateObjectMapping: 0.038900 ms MarkObjects: 1.700100 ms  DeleteObjects: 0.096600 ms)

========================================================================
Received Prepare
Registering precompiled user dll's ...
Registered in 0.004792 seconds.
Begin MonoManager ReloadAssembly
Native extension for WindowsStandalone target not found
Native extension for WebGL target not found
Refreshing native plugins compatible for Editor in 0.76 ms, found 9 plugins.
Preloading 1 native plugins for Editor in 0.09 ms.
Invoked RoslynAnalysisRunner static constructor.
RoslynAnalysisRunner will not be running.
RoslynAnalysisRunner has terminated.
NullReferenceException: Object reference not set to an instance of an object
  at Unity.XR.Oculus.OculusLoader.AssetPathToAbsolutePath (System.String assetPath) [0x00048] in C:\Users\Angelo\Documents\SAE\3Tesis\FrameworkVR\Library\PackageCache\com.unity.xr.oculus@1.8.1\Runtime\OculusLoader.cs:243 
  at Unity.XR.Oculus.OculusLoader.EditorLoadOVRPlugin () [0x0007b] in C:\Users\Angelo\Documents\SAE\3Tesis\FrameworkVR\Library\PackageCache\com.unity.xr.oculus@1.8.1\Runtime\OculusLoader.cs:228 

(Filename: C:/Users/Angelo/Documents/SAE/3Tesis/FrameworkVR/Library/PackageCache/com.unity.xr.oculus@1.8.1/Runtime/OculusLoader.cs Line: 243)

Mono: successfully reloaded assembly
- Completed reload, in  0.771 seconds
Platform modules already initialized, skipping
Refreshing native plugins compatible for Editor in 0.90 ms, found 9 plugins.
Preloading 1 native plugins for Editor in 0.10 ms.
Unloading 1871 Unused Serialized files (Serialized files now loaded: 0)
System memory in use before: 176.8 MB.
System memory in use after: 176.9 MB.

Unloading 24 unused Assets to reduce memory usage. Loaded Objects now: 2410.
Total: 2.392500 ms (FindLiveObjects: 0.284100 ms CreateObjectMapping: 0.045100 ms MarkObjects: 1.958500 ms  DeleteObjects: 0.103300 ms)

========================================================================
Received Prepare
Registering precompiled user dll's ...
Registered in 0.006239 seconds.
Begin MonoManager ReloadAssembly
Native extension for WindowsStandalone target not found
Native extension for WebGL target not found
Refreshing native plugins compatible for Editor in 0.75 ms, found 9 plugins.
Preloading 1 native plugins for Editor in 0.12 ms.
Invoked RoslynAnalysisRunner static constructor.
RoslynAnalysisRunner will not be running.
RoslynAnalysisRunner has terminated.
NullReferenceException: Object reference not set to an instance of an object
  at Unity.XR.Oculus.OculusLoader.AssetPathToAbsolutePath (System.String assetPath) [0x00048] in C:\Users\Angelo\Documents\SAE\3Tesis\FrameworkVR\Library\PackageCache\com.unity.xr.oculus@1.8.1\Runtime\OculusLoader.cs:243 
  at Unity.XR.Oculus.OculusLoader.EditorLoadOVRPlugin () [0x0007b] in C:\Users\Angelo\Documents\SAE\3Tesis\FrameworkVR\Library\PackageCache\com.unity.xr.oculus@1.8.1\Runtime\OculusLoader.cs:228 

(Filename: C:/Users/Angelo/Documents/SAE/3Tesis/FrameworkVR/Library/PackageCache/com.unity.xr.oculus@1.8.1/Runtime/OculusLoader.cs Line: 243)

Mono: successfully reloaded assembly
- Completed reload, in  0.762 seconds
Platform modules already initialized, skipping
Refreshing native plugins compatible for Editor in 0.70 ms, found 9 plugins.
Preloading 1 native plugins for Editor in 0.08 ms.
Unloading 1871 Unused Serialized files (Serialized files now loaded: 0)
System memory in use before: 176.8 MB.
System memory in use after: 176.9 MB.

Unloading 24 unused Assets to reduce memory usage. Loaded Objects now: 2414.
Total: 1.996100 ms (FindLiveObjects: 0.226400 ms CreateObjectMapping: 0.043400 ms MarkObjects: 1.641700 ms  DeleteObjects: 0.082900 ms)

========================================================================
Received Prepare
Registering precompiled user dll's ...
Registered in 0.004561 seconds.
Begin MonoManager ReloadAssembly
Native extension for WindowsStandalone target not found
Native extension for WebGL target not found
Refreshing native plugins compatible for Editor in 0.72 ms, found 9 plugins.
Preloading 1 native plugins for Editor in 0.09 ms.
Invoked RoslynAnalysisRunner static constructor.
RoslynAnalysisRunner will not be running.
RoslynAnalysisRunner has terminated.
NullReferenceException: Object reference not set to an instance of an object
  at Unity.XR.Oculus.OculusLoader.AssetPathToAbsolutePath (System.String assetPath) [0x00048] in C:\Users\Angelo\Documents\SAE\3Tesis\FrameworkVR\Library\PackageCache\com.unity.xr.oculus@1.8.1\Runtime\OculusLoader.cs:243 
  at Unity.XR.Oculus.OculusLoader.EditorLoadOVRPlugin () [0x0007b] in C:\Users\Angelo\Documents\SAE\3Tesis\FrameworkVR\Library\PackageCache\com.unity.xr.oculus@1.8.1\Runtime\OculusLoader.cs:228 

(Filename: C:/Users/Angelo/Documents/SAE/3Tesis/FrameworkVR/Library/PackageCache/com.unity.xr.oculus@1.8.1/Runtime/OculusLoader.cs Line: 243)

Mono: successfully reloaded assembly
- Completed reload, in  0.732 seconds
Platform modules already initialized, skipping
Refreshing native plugins compatible for Editor in 0.70 ms, found 9 plugins.
Preloading 1 native plugins for Editor in 0.08 ms.
Unloading 1871 Unused Serialized files (Serialized files now loaded: 0)
System memory in use before: 176.8 MB.
System memory in use after: 176.9 MB.

Unloading 24 unused Assets to reduce memory usage. Loaded Objects now: 2418.
Total: 2.096800 ms (FindLiveObjects: 0.206500 ms CreateObjectMapping: 0.042000 ms MarkObjects: 1.765600 ms  DeleteObjects: 0.081700 ms)

========================================================================
Received Prepare
Registering precompiled user dll's ...
Registered in 0.005000 seconds.
Begin MonoManager ReloadAssembly
Native extension for WindowsStandalone target not found
Native extension for WebGL target not found
Refreshing native plugins compatible for Editor in 0.83 ms, found 9 plugins.
Preloading 1 native plugins for Editor in 0.09 ms.
Invoked RoslynAnalysisRunner static constructor.
RoslynAnalysisRunner will not be running.
RoslynAnalysisRunner has terminated.
NullReferenceException: Object reference not set to an instance of an object
  at Unity.XR.Oculus.OculusLoader.AssetPathToAbsolutePath (System.String assetPath) [0x00048] in C:\Users\Angelo\Documents\SAE\3Tesis\FrameworkVR\Library\PackageCache\com.unity.xr.oculus@1.8.1\Runtime\OculusLoader.cs:243 
  at Unity.XR.Oculus.OculusLoader.EditorLoadOVRPlugin () [0x0007b] in C:\Users\Angelo\Documents\SAE\3Tesis\FrameworkVR\Library\PackageCache\com.unity.xr.oculus@1.8.1\Runtime\OculusLoader.cs:228 

(Filename: C:/Users/Angelo/Documents/SAE/3Tesis/FrameworkVR/Library/PackageCache/com.unity.xr.oculus@1.8.1/Runtime/OculusLoader.cs Line: 243)

Mono: successfully reloaded assembly
- Completed reload, in  0.895 seconds
Platform modules already initialized, skipping
Refreshing native plugins compatible for Editor in 0.79 ms, found 9 plugins.
Preloading 1 native plugins for Editor in 0.09 ms.
Unloading 1871 Unused Serialized files (Serialized files now loaded: 0)
System memory in use before: 176.8 MB.
System memory in use after: 176.9 MB.

Unloading 24 unused Assets to reduce memory usage. Loaded Objects now: 2422.
Total: 2.218500 ms (FindLiveObjects: 0.327500 ms CreateObjectMapping: 0.041900 ms MarkObjects: 1.743800 ms  DeleteObjects: 0.103500 ms)

========================================================================
Received Prepare
Registering precompiled user dll's ...
Registered in 0.035477 seconds.
Begin MonoManager ReloadAssembly
Native extension for WindowsStandalone target not found
Native extension for WebGL target not found
Refreshing native plugins compatible for Editor in 0.86 ms, found 9 plugins.
Preloading 1 native plugins for Editor in 0.11 ms.
Invoked RoslynAnalysisRunner static constructor.
RoslynAnalysisRunner will not be running.
RoslynAnalysisRunner has terminated.
NullReferenceException: Object reference not set to an instance of an object
  at Unity.XR.Oculus.OculusLoader.AssetPathToAbsolutePath (System.String assetPath) [0x00048] in C:\Users\Angelo\Documents\SAE\3Tesis\FrameworkVR\Library\PackageCache\com.unity.xr.oculus@1.8.1\Runtime\OculusLoader.cs:243 
  at Unity.XR.Oculus.OculusLoader.EditorLoadOVRPlugin () [0x0007b] in C:\Users\Angelo\Documents\SAE\3Tesis\FrameworkVR\Library\PackageCache\com.unity.xr.oculus@1.8.1\Runtime\OculusLoader.cs:228 

(Filename: C:/Users/Angelo/Documents/SAE/3Tesis/FrameworkVR/Library/PackageCache/com.unity.xr.oculus@1.8.1/Runtime/OculusLoader.cs Line: 243)

Mono: successfully reloaded assembly
- Completed reload, in  0.948 seconds
Platform modules already initialized, skipping
Refreshing native plugins compatible for Editor in 0.74 ms, found 9 plugins.
Preloading 1 native plugins for Editor in 0.08 ms.
Unloading 1871 Unused Serialized files (Serialized files now loaded: 0)
System memory in use before: 176.8 MB.
System memory in use after: 176.9 MB.

Unloading 24 unused Assets to reduce memory usage. Loaded Objects now: 2426.
Total: 2.491500 ms (FindLiveObjects: 0.384000 ms CreateObjectMapping: 0.046100 ms MarkObjects: 1.948800 ms  DeleteObjects: 0.111300 ms)

AssetImportWorkerClient::OnTransportError - code=2 error=End of file
